<?xml version="1.0" encoding="UTF-8"?>
<testsuite xmlns:xsi="http://www.w3.org/2001/XMLSchema-instance" xsi:noNamespaceSchemaLocation="https://maven.apache.org/surefire/maven-surefire-plugin/xsd/surefire-test-report.xsd" version="3.0.2" name="com.example.user_demo.UserDemoApplicationTests" time="9.819" tests="4" errors="0" skipped="0" failures="0">
  <properties>
[...]
</properties>
  <testcase name="verificarCargaInicial" classname="com.example.user_demo.UserDemoApplicationTests" time="0.783">
    <system-out><![CDATA[17:46:52.901 [main] INFO org.springframework.test.context.support.AnnotationConfigContextLoaderUtils -- Could not detect default configuration classes for test class [com.example.user_demo.UserDemoApplicationTests]: UserDemoApplicationTests does not declare any static, non-private, non-final, nested classes annotated with @Configuration.
17:46:53.024 [main] INFO org.springframework.boot.test.context.SpringBootTestContextBootstrapper -- Found @SpringBootConfiguration com.example.user_demo.UserDemoApplication for test class com.example.user_demo.UserDemoApplicationTests

  .   ____          _            __ _ _
 /\\ / ___'_ __ _ _(_)_ __  __ _ \ \ \ \
( ( )\___ | '_ | '_| | '_ \/ _` | \ \ \ \
 \\/  ___)| |_)| | | | | || (_| |  ) ) ) )
  '  |____| .__|_| |_|_| |_\__, | / / / /
 =========|_|==============|___/=/_/_/_/

 :: Spring Boot ::                (v3.5.6)

2025-11-04T17:46:53.413+01:00  INFO 24564 --- [           main] c.e.user_demo.UserDemoApplicationTests   : Starting UserDemoApplicationTests using Java 21.0.7 with PID 24564 (started by Víctor in C:\Documentos\Universidad\UNEX\primer cuatri 4º\MDAI\Codigo\Codigo\ProyectoCriptoWallet\ProyectoCriptoWallet)
2025-11-04T17:46:53.414+01:00  INFO 24564 --- [           main] c.e.user_demo.UserDemoApplicationTests   : No active profile set, falling back to 1 default profile: "default"
2025-11-04T17:46:54.298+01:00  INFO 24564 --- [           main] .s.d.r.c.RepositoryConfigurationDelegate : Bootstrapping Spring Data JPA repositories in DEFAULT mode.
2025-11-04T17:46:54.370+01:00  INFO 24564 --- [           main] .s.d.r.c.RepositoryConfigurationDelegate : Finished Spring Data repository scanning in 62 ms. Found 5 JPA repository interfaces.
2025-11-04T17:46:54.717+01:00  INFO 24564 --- [           main] com.zaxxer.hikari.HikariDataSource       : HikariPool-1 - Starting...
2025-11-04T17:46:55.085+01:00  INFO 24564 --- [           main] com.zaxxer.hikari.pool.HikariPool        : HikariPool-1 - Added connection com.mysql.cj.jdbc.ConnectionImpl@55421b8d
2025-11-04T17:46:55.087+01:00  INFO 24564 --- [           main] com.zaxxer.hikari.HikariDataSource       : HikariPool-1 - Start completed.
2025-11-04T17:46:55.177+01:00  INFO 24564 --- [           main] o.hibernate.jpa.internal.util.LogHelper  : HHH000204: Processing PersistenceUnitInfo [name: default]
2025-11-04T17:46:55.248+01:00  INFO 24564 --- [           main] org.hibernate.Version                    : HHH000412: Hibernate ORM core version 6.6.29.Final
2025-11-04T17:46:55.293+01:00  INFO 24564 --- [           main] o.h.c.internal.RegionFactoryInitiator    : HHH000026: Second-level cache disabled
2025-11-04T17:46:55.654+01:00  INFO 24564 --- [           main] o.s.o.j.p.SpringPersistenceUnitInfo      : No LoadTimeWeaver setup: ignoring JPA class transformer
2025-11-04T17:46:55.742+01:00  WARN 24564 --- [           main] org.hibernate.orm.deprecation            : HHH90000025: MySQLDialect does not need to be specified explicitly using 'hibernate.dialect' (remove the property setting and it will be selected by default)
2025-11-04T17:46:55.753+01:00  INFO 24564 --- [           main] org.hibernate.orm.connections.pooling    : HHH10001005: Database info:
	Database JDBC URL [Connecting through datasource 'HikariDataSource (HikariPool-1)']
	Database driver: undefined/unknown
	Database version: 8.0.43
	Autocommit mode: undefined/unknown
	Isolation level: undefined/unknown
	Minimum pool size: undefined/unknown
	Maximum pool size: undefined/unknown
2025-11-04T17:46:56.630+01:00  INFO 24564 --- [           main] o.h.e.t.j.p.i.JtaPlatformInitiator       : HHH000489: No JTA platform available (set 'hibernate.transaction.jta.platform' to enable JTA platform integration)
2025-11-04T17:46:56.718+01:00  INFO 24564 --- [           main] j.LocalContainerEntityManagerFactoryBean : Initialized JPA EntityManagerFactory for persistence unit 'default'
2025-11-04T17:46:56.849+01:00  WARN 24564 --- [           main] JpaBaseConfiguration$JpaWebConfiguration : spring.jpa.open-in-view is enabled by default. Therefore, database queries may be performed during view rendering. Explicitly configure spring.jpa.open-in-view to disable this warning
2025-11-04T17:46:57.668+01:00  INFO 24564 --- [           main] o.s.d.j.r.query.QueryEnhancerFactory     : Hibernate is in classpath; If applicable, HQL parser will be used.
2025-11-04T17:46:58.522+01:00  INFO 24564 --- [           main] o.s.b.a.e.web.EndpointLinksResolver      : Exposing 1 endpoint beneath base path '/actuator'
2025-11-04T17:46:58.591+01:00  INFO 24564 --- [           main] c.e.user_demo.UserDemoApplicationTests   : Started UserDemoApplicationTests in 5.432 seconds (process running for 6.33)
--- (TEST 1) VERIFICANDO CARGA DE data.sql ---
Hibernate: select count(*) from usuarios u1_0
Hibernate: select count(*) from criptomonedas c1_0
Hibernate: select count(*) from carteras c1_0
Hibernate: select count(*) from historiales h1_0
Hibernate: select count(*) from transacciones t1_0
Hibernate: select u1_0.id_usuario,u1_0.email,u1_0.nombre from usuarios u1_0 where u1_0.email=?
Hibernate: select h1_0.id_historial,h1_0.detalle,u1_0.id_usuario,u1_0.email,u1_0.nombre from historiales h1_0 left join usuarios u1_0 on u1_0.id_usuario=h1_0.id_usuario where h1_0.id_usuario=?
Hibernate: select c1_0.id_cartera,c1_0.balance_total,c1_0.id_usuario from carteras c1_0 where c1_0.id_usuario=?
Hibernate: select u1_0.id_usuario,u1_0.email,h1_0.id_historial,h1_0.detalle,u1_0.nombre from usuarios u1_0 left join historiales h1_0 on u1_0.id_usuario=h1_0.id_usuario where u1_0.id_usuario=?
Hibernate: select c1_0.id_cripto,c1_0.nombre,c1_0.simbolo from criptomonedas c1_0 join cartera_cripto c2_0 on c1_0.id_cripto=c2_0.id_cripto where c2_0.id_cartera=?
Carga inicial verificada. 'Ana' tiene 2 carteras con criptos.
2025-11-04T17:46:59.449+01:00  INFO 24564 --- [           main] j.LocalContainerEntityManagerFactoryBean : Closing JPA EntityManagerFactory for persistence unit 'default'
2025-11-04T17:46:59.449+01:00  INFO 24564 --- [           main] com.zaxxer.hikari.HikariDataSource       : HikariPool-1 - Shutdown initiated...
2025-11-04T17:46:59.458+01:00  INFO 24564 --- [           main] com.zaxxer.hikari.HikariDataSource       : HikariPool-1 - Shutdown completed.
]]></system-out>
    <system-err><![CDATA[Mockito is currently self-attaching to enable the inline-mock-maker. This will no longer work in future releases of the JDK. Please add Mockito as an agent to your build as described in Mockito's documentation: https://javadoc.io/doc/org.mockito/mockito-core/latest/org.mockito/org/mockito/Mockito.html#0.3
WARNING: A Java agent has been loaded dynamically (C:\Users\Víctor\.m2\repository\net\bytebuddy\byte-buddy-agent\1.17.7\byte-buddy-agent-1.17.7.jar)
WARNING: If a serviceability tool is in use, please run with -XX:+EnableDynamicAgentLoading to hide this warning
WARNING: If a serviceability tool is not in use, please run with -Djdk.instrument.traceUsage for more information
WARNING: Dynamic loading of agents will be disallowed by default in a future release
]]></system-err>
  </testcase>
  <testcase name="probarEliminarRelacionNM" classname="com.example.user_demo.UserDemoApplicationTests" time="0.295">
    <system-out><![CDATA[
  .   ____          _            __ _ _
 /\\ / ___'_ __ _ _(_)_ __  __ _ \ \ \ \
( ( )\___ | '_ | '_| | '_ \/ _` | \ \ \ \
 \\/  ___)| |_)| | | | | || (_| |  ) ) ) )
  '  |____| .__|_| |_|_| |_\__, | / / / /
 =========|_|==============|___/=/_/_/_/

 :: Spring Boot ::                (v3.5.6)

2025-11-04T17:46:59.498+01:00  INFO 24564 --- [           main] c.e.user_demo.UserDemoApplicationTests   : Starting UserDemoApplicationTests using Java 21.0.7 with PID 24564 (started by Víctor in C:\Documentos\Universidad\UNEX\primer cuatri 4º\MDAI\Codigo\Codigo\ProyectoCriptoWallet\ProyectoCriptoWallet)
2025-11-04T17:46:59.498+01:00  INFO 24564 --- [           main] c.e.user_demo.UserDemoApplicationTests   : No active profile set, falling back to 1 default profile: "default"
2025-11-04T17:46:59.742+01:00  INFO 24564 --- [           main] .s.d.r.c.RepositoryConfigurationDelegate : Bootstrapping Spring Data JPA repositories in DEFAULT mode.
2025-11-04T17:46:59.753+01:00  INFO 24564 --- [           main] .s.d.r.c.RepositoryConfigurationDelegate : Finished Spring Data repository scanning in 11 ms. Found 5 JPA repository interfaces.
2025-11-04T17:46:59.814+01:00  INFO 24564 --- [           main] com.zaxxer.hikari.HikariDataSource       : HikariPool-2 - Starting...
2025-11-04T17:46:59.836+01:00  INFO 24564 --- [           main] com.zaxxer.hikari.pool.HikariPool        : HikariPool-2 - Added connection com.mysql.cj.jdbc.ConnectionImpl@2181e6b6
2025-11-04T17:46:59.836+01:00  INFO 24564 --- [           main] com.zaxxer.hikari.HikariDataSource       : HikariPool-2 - Start completed.
2025-11-04T17:46:59.846+01:00  INFO 24564 --- [           main] o.hibernate.jpa.internal.util.LogHelper  : HHH000204: Processing PersistenceUnitInfo [name: default]
2025-11-04T17:46:59.846+01:00  INFO 24564 --- [           main] o.h.c.internal.RegionFactoryInitiator    : HHH000026: Second-level cache disabled
2025-11-04T17:46:59.855+01:00  INFO 24564 --- [           main] o.s.o.j.p.SpringPersistenceUnitInfo      : No LoadTimeWeaver setup: ignoring JPA class transformer
2025-11-04T17:46:59.864+01:00  WARN 24564 --- [           main] org.hibernate.orm.deprecation            : HHH90000025: MySQLDialect does not need to be specified explicitly using 'hibernate.dialect' (remove the property setting and it will be selected by default)
2025-11-04T17:46:59.864+01:00  INFO 24564 --- [           main] org.hibernate.orm.connections.pooling    : HHH10001005: Database info:
	Database JDBC URL [Connecting through datasource 'HikariDataSource (HikariPool-2)']
	Database driver: undefined/unknown
	Database version: 8.0.43
	Autocommit mode: undefined/unknown
	Isolation level: undefined/unknown
	Minimum pool size: undefined/unknown
	Maximum pool size: undefined/unknown
2025-11-04T17:46:59.911+01:00  INFO 24564 --- [           main] o.h.e.t.j.p.i.JtaPlatformInitiator       : HHH000489: No JTA platform available (set 'hibernate.transaction.jta.platform' to enable JTA platform integration)
2025-11-04T17:46:59.972+01:00  INFO 24564 --- [           main] j.LocalContainerEntityManagerFactoryBean : Initialized JPA EntityManagerFactory for persistence unit 'default'
2025-11-04T17:46:59.995+01:00  WARN 24564 --- [           main] JpaBaseConfiguration$JpaWebConfiguration : spring.jpa.open-in-view is enabled by default. Therefore, database queries may be performed during view rendering. Explicitly configure spring.jpa.open-in-view to disable this warning
2025-11-04T17:47:00.216+01:00  INFO 24564 --- [           main] o.s.b.a.e.web.EndpointLinksResolver      : Exposing 1 endpoint beneath base path '/actuator'
2025-11-04T17:47:00.244+01:00  INFO 24564 --- [           main] c.e.user_demo.UserDemoApplicationTests   : Started UserDemoApplicationTests in 0.769 seconds (process running for 7.978)

--- (TEST 2) PROBANDO ELIMINAR RELACIÓN N:M (Ana 'vende' ETH) ---
Hibernate: select c1_0.id_cartera,c1_0.balance_total,c1_0.id_usuario,u1_0.id_usuario,u1_0.email,h1_0.id_historial,h1_0.detalle,u1_0.nombre from carteras c1_0 join usuarios u1_0 on u1_0.id_usuario=c1_0.id_usuario left join historiales h1_0 on u1_0.id_usuario=h1_0.id_usuario where c1_0.id_cartera=?
Hibernate: select c1_0.id_cripto,c1_0.nombre,c1_0.simbolo from criptomonedas c1_0 where c1_0.id_cripto=?
Hibernate: select c1_0.id_cripto,c1_0.nombre,c1_0.simbolo from criptomonedas c1_0 join cartera_cripto c2_0 on c1_0.id_cripto=c2_0.id_cripto where c2_0.id_cartera=?
Hibernate: select c1_0.id_cartera,c1_0.balance_total,c1_0.id_usuario,u1_0.id_usuario,u1_0.email,h1_0.id_historial,h1_0.detalle,u1_0.nombre,te1_0.id_usuario_origen,te1_0.id_transaccion,te1_0.cantidad,te1_0.id_cripto,te1_0.fecha,te1_0.id_usuario_destino from carteras c1_0 join usuarios u1_0 on u1_0.id_usuario=c1_0.id_usuario left join historiales h1_0 on u1_0.id_usuario=h1_0.id_usuario left join transacciones te1_0 on u1_0.id_usuario=te1_0.id_usuario_origen where c1_0.id_cartera=?
Hibernate: select c1_0.id_cripto,c1_0.nombre,c1_0.simbolo,t1_0.id_cripto,t1_0.id_transaccion,t1_0.cantidad,t1_0.fecha,t1_0.id_usuario_destino,ud1_0.id_usuario,ud1_0.email,ud1_0.nombre,t1_0.id_usuario_origen,uo1_0.id_usuario,uo1_0.email,uo1_0.nombre from criptomonedas c1_0 left join transacciones t1_0 on c1_0.id_cripto=t1_0.id_cripto left join usuarios ud1_0 on ud1_0.id_usuario=t1_0.id_usuario_destino left join usuarios uo1_0 on uo1_0.id_usuario=t1_0.id_usuario_origen where c1_0.id_cripto=?
Hibernate: select h1_0.id_historial,h1_0.detalle,u1_0.id_usuario,u1_0.email,u1_0.nombre from historiales h1_0 left join usuarios u1_0 on u1_0.id_usuario=h1_0.id_usuario where h1_0.id_usuario=?
Hibernate: select h1_0.id_historial,h1_0.detalle,u1_0.id_usuario,u1_0.email,u1_0.nombre from historiales h1_0 left join usuarios u1_0 on u1_0.id_usuario=h1_0.id_usuario where h1_0.id_usuario=?
Hibernate: select c1_0.id_cripto,c1_0.nombre,c1_0.simbolo,t1_0.id_cripto,t1_0.id_transaccion,t1_0.cantidad,t1_0.fecha,t1_0.id_usuario_destino,ud1_0.id_usuario,ud1_0.email,ud1_0.nombre,t1_0.id_usuario_origen,uo1_0.id_usuario,uo1_0.email,uo1_0.nombre from criptomonedas c1_0 left join transacciones t1_0 on c1_0.id_cripto=t1_0.id_cripto left join usuarios ud1_0 on ud1_0.id_usuario=t1_0.id_usuario_destino left join usuarios uo1_0 on uo1_0.id_usuario=t1_0.id_usuario_origen where c1_0.id_cripto=?
Hibernate: select h1_0.id_historial,h1_0.detalle,u1_0.id_usuario,u1_0.email,u1_0.nombre from historiales h1_0 left join usuarios u1_0 on u1_0.id_usuario=h1_0.id_usuario where h1_0.id_usuario=?
Hibernate: select tr1_0.id_usuario_destino,tr1_0.id_transaccion,tr1_0.cantidad,tr1_0.id_cripto,c1_0.id_cripto,c1_0.nombre,c1_0.simbolo,tr1_0.fecha,tr1_0.id_usuario_origen,uo1_0.id_usuario,uo1_0.email,h1_0.id_historial,h1_0.detalle,uo1_0.nombre from transacciones tr1_0 left join criptomonedas c1_0 on c1_0.id_cripto=tr1_0.id_cripto left join usuarios uo1_0 on uo1_0.id_usuario=tr1_0.id_usuario_origen left join historiales h1_0 on uo1_0.id_usuario=h1_0.id_usuario where tr1_0.id_usuario_destino=?
Hibernate: select te1_0.id_usuario_origen,te1_0.id_transaccion,te1_0.cantidad,te1_0.id_cripto,c1_0.id_cripto,c1_0.nombre,c1_0.simbolo,te1_0.fecha,te1_0.id_usuario_destino,ud1_0.id_usuario,ud1_0.email,h1_0.id_historial,h1_0.detalle,ud1_0.nombre from transacciones te1_0 left join criptomonedas c1_0 on c1_0.id_cripto=te1_0.id_cripto left join usuarios ud1_0 on ud1_0.id_usuario=te1_0.id_usuario_destino left join historiales h1_0 on ud1_0.id_usuario=h1_0.id_usuario where te1_0.id_usuario_origen=?
Hibernate: select c1_0.id_usuario,c1_0.id_cartera,c1_0.balance_total from carteras c1_0 where c1_0.id_usuario=?
Hibernate: select tr1_0.id_usuario_destino,tr1_0.id_transaccion,tr1_0.cantidad,tr1_0.id_cripto,c1_0.id_cripto,c1_0.nombre,c1_0.simbolo,tr1_0.fecha,tr1_0.id_usuario_origen,uo1_0.id_usuario,uo1_0.email,h1_0.id_historial,h1_0.detalle,uo1_0.nombre from transacciones tr1_0 left join criptomonedas c1_0 on c1_0.id_cripto=tr1_0.id_cripto left join usuarios uo1_0 on uo1_0.id_usuario=tr1_0.id_usuario_origen left join historiales h1_0 on uo1_0.id_usuario=h1_0.id_usuario where tr1_0.id_usuario_destino=?
Hibernate: select tr1_0.id_usuario_destino,tr1_0.id_transaccion,tr1_0.cantidad,tr1_0.id_cripto,c1_0.id_cripto,c1_0.nombre,c1_0.simbolo,tr1_0.fecha,tr1_0.id_usuario_origen,uo1_0.id_usuario,uo1_0.email,h1_0.id_historial,h1_0.detalle,uo1_0.nombre from transacciones tr1_0 left join criptomonedas c1_0 on c1_0.id_cripto=tr1_0.id_cripto left join usuarios uo1_0 on uo1_0.id_usuario=tr1_0.id_usuario_origen left join historiales h1_0 on uo1_0.id_usuario=h1_0.id_usuario where tr1_0.id_usuario_destino=?
Hibernate: select te1_0.id_usuario_origen,te1_0.id_transaccion,te1_0.cantidad,te1_0.id_cripto,c1_0.id_cripto,c1_0.nombre,c1_0.simbolo,te1_0.fecha,te1_0.id_usuario_destino,ud1_0.id_usuario,ud1_0.email,h1_0.id_historial,h1_0.detalle,ud1_0.nombre from transacciones te1_0 left join criptomonedas c1_0 on c1_0.id_cripto=te1_0.id_cripto left join usuarios ud1_0 on ud1_0.id_usuario=te1_0.id_usuario_destino left join historiales h1_0 on ud1_0.id_usuario=h1_0.id_usuario where te1_0.id_usuario_origen=?
Hibernate: select c1_0.id_usuario,c1_0.id_cartera,c1_0.balance_total from carteras c1_0 where c1_0.id_usuario=?
Hibernate: select c1_0.id_usuario,c1_0.id_cartera,c1_0.balance_total from carteras c1_0 where c1_0.id_usuario=?
Hibernate: select c1_0.id_cartera,c1_1.id_cripto,c1_1.nombre,c1_1.simbolo from cartera_cripto c1_0 join criptomonedas c1_1 on c1_1.id_cripto=c1_0.id_cripto where c1_0.id_cartera=?
Hibernate: delete from cartera_cripto where id_cartera=? and id_cripto=?
Hibernate: select c1_0.id_cartera,c1_0.balance_total,c1_0.id_usuario,u1_0.id_usuario,u1_0.email,h1_0.id_historial,h1_0.detalle,u1_0.nombre from carteras c1_0 join usuarios u1_0 on u1_0.id_usuario=c1_0.id_usuario left join historiales h1_0 on u1_0.id_usuario=h1_0.id_usuario where c1_0.id_cartera=?
Hibernate: select c1_0.id_cripto,c1_0.nombre,c1_0.simbolo from criptomonedas c1_0 join cartera_cripto c2_0 on c1_0.id_cripto=c2_0.id_cripto where c2_0.id_cartera=?
Hibernate: select c1_0.id_cripto,c1_0.nombre,c1_0.simbolo from criptomonedas c1_0 where c1_0.id_cripto=?
Relación N:M eliminada. 'Ana' ahora solo tiene BTC.
2025-11-04T17:47:00.533+01:00  INFO 24564 --- [           main] j.LocalContainerEntityManagerFactoryBean : Closing JPA EntityManagerFactory for persistence unit 'default'
2025-11-04T17:47:00.533+01:00  INFO 24564 --- [           main] com.zaxxer.hikari.HikariDataSource       : HikariPool-2 - Shutdown initiated...
2025-11-04T17:47:00.538+01:00  INFO 24564 --- [           main] com.zaxxer.hikari.HikariDataSource       : HikariPool-2 - Shutdown completed.
]]></system-out>
  </testcase>
  <testcase name="probarEliminarUsuarioCompleto" classname="com.example.user_demo.UserDemoApplicationTests" time="0.417">
    <system-out><![CDATA[
  .   ____          _            __ _ _
 /\\ / ___'_ __ _ _(_)_ __  __ _ \ \ \ \
( ( )\___ | '_ | '_| | '_ \/ _` | \ \ \ \
 \\/  ___)| |_)| | | | | || (_| |  ) ) ) )
  '  |____| .__|_| |_|_| |_\__, | / / / /
 =========|_|==============|___/=/_/_/_/

 :: Spring Boot ::                (v3.5.6)

2025-11-04T17:47:00.560+01:00  INFO 24564 --- [           main] c.e.user_demo.UserDemoApplicationTests   : Starting UserDemoApplicationTests using Java 21.0.7 with PID 24564 (started by Víctor in C:\Documentos\Universidad\UNEX\primer cuatri 4º\MDAI\Codigo\Codigo\ProyectoCriptoWallet\ProyectoCriptoWallet)
2025-11-04T17:47:00.560+01:00  INFO 24564 --- [           main] c.e.user_demo.UserDemoApplicationTests   : No active profile set, falling back to 1 default profile: "default"
2025-11-04T17:47:00.745+01:00  INFO 24564 --- [           main] .s.d.r.c.RepositoryConfigurationDelegate : Bootstrapping Spring Data JPA repositories in DEFAULT mode.
2025-11-04T17:47:00.758+01:00  INFO 24564 --- [           main] .s.d.r.c.RepositoryConfigurationDelegate : Finished Spring Data repository scanning in 10 ms. Found 5 JPA repository interfaces.
2025-11-04T17:47:00.806+01:00  INFO 24564 --- [           main] com.zaxxer.hikari.HikariDataSource       : HikariPool-3 - Starting...
2025-11-04T17:47:00.828+01:00  INFO 24564 --- [           main] com.zaxxer.hikari.pool.HikariPool        : HikariPool-3 - Added connection com.mysql.cj.jdbc.ConnectionImpl@2f944a3e
2025-11-04T17:47:00.828+01:00  INFO 24564 --- [           main] com.zaxxer.hikari.HikariDataSource       : HikariPool-3 - Start completed.
2025-11-04T17:47:00.836+01:00  INFO 24564 --- [           main] o.hibernate.jpa.internal.util.LogHelper  : HHH000204: Processing PersistenceUnitInfo [name: default]
2025-11-04T17:47:00.836+01:00  INFO 24564 --- [           main] o.h.c.internal.RegionFactoryInitiator    : HHH000026: Second-level cache disabled
2025-11-04T17:47:00.846+01:00  INFO 24564 --- [           main] o.s.o.j.p.SpringPersistenceUnitInfo      : No LoadTimeWeaver setup: ignoring JPA class transformer
2025-11-04T17:47:00.851+01:00  WARN 24564 --- [           main] org.hibernate.orm.deprecation            : HHH90000025: MySQLDialect does not need to be specified explicitly using 'hibernate.dialect' (remove the property setting and it will be selected by default)
2025-11-04T17:47:00.852+01:00  INFO 24564 --- [           main] org.hibernate.orm.connections.pooling    : HHH10001005: Database info:
	Database JDBC URL [Connecting through datasource 'HikariDataSource (HikariPool-3)']
	Database driver: undefined/unknown
	Database version: 8.0.43
	Autocommit mode: undefined/unknown
	Isolation level: undefined/unknown
	Minimum pool size: undefined/unknown
	Maximum pool size: undefined/unknown
2025-11-04T17:47:00.887+01:00  INFO 24564 --- [           main] o.h.e.t.j.p.i.JtaPlatformInitiator       : HHH000489: No JTA platform available (set 'hibernate.transaction.jta.platform' to enable JTA platform integration)
2025-11-04T17:47:00.954+01:00  INFO 24564 --- [           main] j.LocalContainerEntityManagerFactoryBean : Initialized JPA EntityManagerFactory for persistence unit 'default'
2025-11-04T17:47:00.969+01:00  WARN 24564 --- [           main] JpaBaseConfiguration$JpaWebConfiguration : spring.jpa.open-in-view is enabled by default. Therefore, database queries may be performed during view rendering. Explicitly configure spring.jpa.open-in-view to disable this warning
2025-11-04T17:47:01.347+01:00  INFO 24564 --- [           main] o.s.b.a.e.web.EndpointLinksResolver      : Exposing 1 endpoint beneath base path '/actuator'
2025-11-04T17:47:01.376+01:00  INFO 24564 --- [           main] c.e.user_demo.UserDemoApplicationTests   : Started UserDemoApplicationTests in 0.833 seconds (process running for 9.112)

--- (TEST 3) PROBANDO ELIMINAR USUARIO (Adiós, Luis) ---
Hibernate: select u1_0.id_usuario,u1_0.email,u1_0.nombre from usuarios u1_0 where u1_0.email=?
Hibernate: select h1_0.id_historial,h1_0.detalle,u1_0.id_usuario,u1_0.email,u1_0.nombre from historiales h1_0 left join usuarios u1_0 on u1_0.id_usuario=h1_0.id_usuario where h1_0.id_usuario=?
Hibernate: select c1_0.id_cartera,c1_0.balance_total,c1_0.id_usuario from carteras c1_0 where c1_0.id_usuario=?
Hibernate: select u1_0.id_usuario,u1_0.email,h1_0.id_historial,h1_0.detalle,u1_0.nombre from usuarios u1_0 left join historiales h1_0 on u1_0.id_usuario=h1_0.id_usuario where u1_0.id_usuario=?
Hibernate: select h1_0.id_historial,h1_0.detalle,u1_0.id_usuario,u1_0.email,u1_0.nombre from historiales h1_0 left join usuarios u1_0 on u1_0.id_usuario=h1_0.id_usuario where h1_0.id_historial=?
Hibernate: select t1_0.id_transaccion,t1_0.cantidad,t1_0.id_cripto,c1_0.id_cripto,c1_0.nombre,c1_0.simbolo,t1_0.fecha,t1_0.id_usuario_destino,ud1_0.id_usuario,ud1_0.email,h1_0.id_historial,h1_0.detalle,ud1_0.nombre,t1_0.id_usuario_origen,uo1_0.id_usuario,uo1_0.email,h2_0.id_historial,h2_0.detalle,uo1_0.nombre from transacciones t1_0 join criptomonedas c1_0 on c1_0.id_cripto=t1_0.id_cripto join usuarios ud1_0 on ud1_0.id_usuario=t1_0.id_usuario_destino left join historiales h1_0 on ud1_0.id_usuario=h1_0.id_usuario join usuarios uo1_0 on uo1_0.id_usuario=t1_0.id_usuario_origen left join historiales h2_0 on uo1_0.id_usuario=h2_0.id_usuario where t1_0.id_transaccion=?
Hibernate: select u1_0.id_usuario,u1_0.email,h1_0.id_historial,h1_0.detalle,u1_0.nombre from usuarios u1_0 left join historiales h1_0 on u1_0.id_usuario=h1_0.id_usuario where u1_0.id_usuario=?
Hibernate: select c1_0.id_usuario,c1_0.id_cartera,c1_0.balance_total from carteras c1_0 where c1_0.id_usuario=?
Hibernate: select te1_0.id_usuario_origen,te1_0.id_transaccion,te1_0.cantidad,te1_0.id_cripto,c1_0.id_cripto,c1_0.nombre,c1_0.simbolo,te1_0.fecha,te1_0.id_usuario_destino,ud1_0.id_usuario,ud1_0.email,h1_0.id_historial,h1_0.detalle,ud1_0.nombre from transacciones te1_0 left join criptomonedas c1_0 on c1_0.id_cripto=te1_0.id_cripto left join usuarios ud1_0 on ud1_0.id_usuario=te1_0.id_usuario_destino left join historiales h1_0 on ud1_0.id_usuario=h1_0.id_usuario where te1_0.id_usuario_origen=?
Hibernate: select tr1_0.id_usuario_destino,tr1_0.id_transaccion,tr1_0.cantidad,tr1_0.id_cripto,c1_0.id_cripto,c1_0.nombre,c1_0.simbolo,tr1_0.fecha,tr1_0.id_usuario_origen,uo1_0.id_usuario,uo1_0.email,h1_0.id_historial,h1_0.detalle,uo1_0.nombre from transacciones tr1_0 left join criptomonedas c1_0 on c1_0.id_cripto=tr1_0.id_cripto left join usuarios uo1_0 on uo1_0.id_usuario=tr1_0.id_usuario_origen left join historiales h1_0 on uo1_0.id_usuario=h1_0.id_usuario where tr1_0.id_usuario_destino=?
Hibernate: delete from cartera_cripto where id_cartera=?
Hibernate: delete from carteras where id_cartera=?
Hibernate: delete from historiales where id_historial=?
Hibernate: delete from transacciones where id_transaccion=?
Hibernate: delete from transacciones where id_transaccion=?
Hibernate: delete from usuarios where id_usuario=?
Hibernate: select u1_0.id_usuario,u1_0.email,u1_0.nombre from usuarios u1_0 where u1_0.email=?
Hibernate: select c1_0.id_cartera,c1_0.balance_total,c1_0.id_usuario,u1_0.id_usuario,u1_0.email,h1_0.id_historial,h1_0.detalle,u1_0.nombre from carteras c1_0 join usuarios u1_0 on u1_0.id_usuario=c1_0.id_usuario left join historiales h1_0 on u1_0.id_usuario=h1_0.id_usuario where c1_0.id_cartera=?
Hibernate: select c1_0.id_cartera,c1_0.balance_total,c1_0.id_usuario,u1_0.id_usuario,u1_0.email,h1_0.id_historial,h1_0.detalle,u1_0.nombre from carteras c1_0 join usuarios u1_0 on u1_0.id_usuario=c1_0.id_usuario left join historiales h1_0 on u1_0.id_usuario=h1_0.id_usuario where c1_0.id_cartera=?
Hibernate: select h1_0.id_historial,h1_0.detalle,u1_0.id_usuario,u1_0.email,u1_0.nombre from historiales h1_0 left join usuarios u1_0 on u1_0.id_usuario=h1_0.id_usuario where h1_0.id_historial=?
Hibernate: select t1_0.id_transaccion,t1_0.cantidad,t1_0.id_cripto,c1_0.id_cripto,c1_0.nombre,c1_0.simbolo,t1_0.fecha,t1_0.id_usuario_destino,ud1_0.id_usuario,ud1_0.email,h1_0.id_historial,h1_0.detalle,ud1_0.nombre,t1_0.id_usuario_origen,uo1_0.id_usuario,uo1_0.email,h2_0.id_historial,h2_0.detalle,uo1_0.nombre from transacciones t1_0 join criptomonedas c1_0 on c1_0.id_cripto=t1_0.id_cripto join usuarios ud1_0 on ud1_0.id_usuario=t1_0.id_usuario_destino left join historiales h1_0 on ud1_0.id_usuario=h1_0.id_usuario join usuarios uo1_0 on uo1_0.id_usuario=t1_0.id_usuario_origen left join historiales h2_0 on uo1_0.id_usuario=h2_0.id_usuario where t1_0.id_transaccion=?
Hibernate: select count(*) from usuarios u1_0
Hibernate: select count(*) from criptomonedas c1_0
Hibernate: select t1_0.id_transaccion,t1_0.cantidad,t1_0.id_cripto,c1_0.id_cripto,c1_0.nombre,c1_0.simbolo,t1_0.fecha,t1_0.id_usuario_destino,ud1_0.id_usuario,ud1_0.email,h1_0.id_historial,h1_0.detalle,ud1_0.nombre,t1_0.id_usuario_origen,uo1_0.id_usuario,uo1_0.email,h2_0.id_historial,h2_0.detalle,uo1_0.nombre from transacciones t1_0 join criptomonedas c1_0 on c1_0.id_cripto=t1_0.id_cripto join usuarios ud1_0 on ud1_0.id_usuario=t1_0.id_usuario_destino left join historiales h1_0 on ud1_0.id_usuario=h1_0.id_usuario join usuarios uo1_0 on uo1_0.id_usuario=t1_0.id_usuario_origen left join historiales h2_0 on uo1_0.id_usuario=h2_0.id_usuario where t1_0.id_transaccion=?
Usuario 'Luis' y sus carteras, historial y transacciones de origen eliminados.
2025-11-04T17:47:01.793+01:00  INFO 24564 --- [           main] j.LocalContainerEntityManagerFactoryBean : Closing JPA EntityManagerFactory for persistence unit 'default'
2025-11-04T17:47:01.793+01:00  INFO 24564 --- [           main] com.zaxxer.hikari.HikariDataSource       : HikariPool-3 - Shutdown initiated...
2025-11-04T17:47:01.800+01:00  INFO 24564 --- [           main] com.zaxxer.hikari.HikariDataSource       : HikariPool-3 - Shutdown completed.
]]></system-out>
  </testcase>
  <testcase name="mostrarEstadoFinal" classname="com.example.user_demo.UserDemoApplicationTests" time="0.207">
    <system-out><![CDATA[
  .   ____          _            __ _ _
 /\\ / ___'_ __ _ _(_)_ __  __ _ \ \ \ \
( ( )\___ | '_ | '_| | '_ \/ _` | \ \ \ \
 \\/  ___)| |_)| | | | | || (_| |  ) ) ) )
  '  |____| .__|_| |_|_| |_\__, | / / / /
 =========|_|==============|___/=/_/_/_/

 :: Spring Boot ::                (v3.5.6)

2025-11-04T17:47:01.827+01:00  INFO 24564 --- [           main] c.e.user_demo.UserDemoApplicationTests   : Starting UserDemoApplicationTests using Java 21.0.7 with PID 24564 (started by Víctor in C:\Documentos\Universidad\UNEX\primer cuatri 4º\MDAI\Codigo\Codigo\ProyectoCriptoWallet\ProyectoCriptoWallet)
2025-11-04T17:47:01.827+01:00  INFO 24564 --- [           main] c.e.user_demo.UserDemoApplicationTests   : No active profile set, falling back to 1 default profile: "default"
2025-11-04T17:47:02.028+01:00  INFO 24564 --- [           main] .s.d.r.c.RepositoryConfigurationDelegate : Bootstrapping Spring Data JPA repositories in DEFAULT mode.
2025-11-04T17:47:02.038+01:00  INFO 24564 --- [           main] .s.d.r.c.RepositoryConfigurationDelegate : Finished Spring Data repository scanning in 10 ms. Found 5 JPA repository interfaces.
2025-11-04T17:47:02.079+01:00  INFO 24564 --- [           main] com.zaxxer.hikari.HikariDataSource       : HikariPool-4 - Starting...
2025-11-04T17:47:02.103+01:00  INFO 24564 --- [           main] com.zaxxer.hikari.pool.HikariPool        : HikariPool-4 - Added connection com.mysql.cj.jdbc.ConnectionImpl@358a33e3
2025-11-04T17:47:02.103+01:00  INFO 24564 --- [           main] com.zaxxer.hikari.HikariDataSource       : HikariPool-4 - Start completed.
2025-11-04T17:47:02.114+01:00  INFO 24564 --- [           main] o.hibernate.jpa.internal.util.LogHelper  : HHH000204: Processing PersistenceUnitInfo [name: default]
2025-11-04T17:47:02.121+01:00  INFO 24564 --- [           main] o.h.c.internal.RegionFactoryInitiator    : HHH000026: Second-level cache disabled
2025-11-04T17:47:02.121+01:00  INFO 24564 --- [           main] o.s.o.j.p.SpringPersistenceUnitInfo      : No LoadTimeWeaver setup: ignoring JPA class transformer
2025-11-04T17:47:02.134+01:00  WARN 24564 --- [           main] org.hibernate.orm.deprecation            : HHH90000025: MySQLDialect does not need to be specified explicitly using 'hibernate.dialect' (remove the property setting and it will be selected by default)
2025-11-04T17:47:02.134+01:00  INFO 24564 --- [           main] org.hibernate.orm.connections.pooling    : HHH10001005: Database info:
	Database JDBC URL [Connecting through datasource 'HikariDataSource (HikariPool-4)']
	Database driver: undefined/unknown
	Database version: 8.0.43
	Autocommit mode: undefined/unknown
	Isolation level: undefined/unknown
	Minimum pool size: undefined/unknown
	Maximum pool size: undefined/unknown
2025-11-04T17:47:02.172+01:00  INFO 24564 --- [           main] o.h.e.t.j.p.i.JtaPlatformInitiator       : HHH000489: No JTA platform available (set 'hibernate.transaction.jta.platform' to enable JTA platform integration)
2025-11-04T17:47:02.207+01:00  INFO 24564 --- [           main] j.LocalContainerEntityManagerFactoryBean : Initialized JPA EntityManagerFactory for persistence unit 'default'
2025-11-04T17:47:02.235+01:00  WARN 24564 --- [           main] JpaBaseConfiguration$JpaWebConfiguration : spring.jpa.open-in-view is enabled by default. Therefore, database queries may be performed during view rendering. Explicitly configure spring.jpa.open-in-view to disable this warning
2025-11-04T17:47:02.369+01:00  INFO 24564 --- [           main] o.s.b.a.e.web.EndpointLinksResolver      : Exposing 1 endpoint beneath base path '/actuator'
2025-11-04T17:47:02.379+01:00  INFO 24564 --- [           main] c.e.user_demo.UserDemoApplicationTests   : Started UserDemoApplicationTests in 0.573 seconds (process running for 10.116)

--- (TEST 4) ESTADO FINAL DE LA BD ---
Hibernate: select u1_0.id_usuario,u1_0.email,u1_0.nombre from usuarios u1_0
Hibernate: select h1_0.id_historial,h1_0.detalle,u1_0.id_usuario,u1_0.email,u1_0.nombre from historiales h1_0 left join usuarios u1_0 on u1_0.id_usuario=h1_0.id_usuario where h1_0.id_usuario=?
Hibernate: select h1_0.id_historial,h1_0.detalle,u1_0.id_usuario,u1_0.email,u1_0.nombre from historiales h1_0 left join usuarios u1_0 on u1_0.id_usuario=h1_0.id_usuario where h1_0.id_usuario=?
Hibernate: select h1_0.id_historial,h1_0.detalle,u1_0.id_usuario,u1_0.email,u1_0.nombre from historiales h1_0 left join usuarios u1_0 on u1_0.id_usuario=h1_0.id_usuario where h1_0.id_usuario=?
Usuarios restantes: 3
Usuario: Ana López
Hibernate: select c1_0.id_cartera,c1_0.balance_total,c1_0.id_usuario from carteras c1_0 where c1_0.id_usuario=?
Hibernate: select u1_0.id_usuario,u1_0.email,h1_0.id_historial,h1_0.detalle,u1_0.nombre from usuarios u1_0 left join historiales h1_0 on u1_0.id_usuario=h1_0.id_usuario where u1_0.id_usuario=?
	Cartera ID: 1, Balance: 1500.0
Hibernate: select c1_0.id_cripto,c1_0.nombre,c1_0.simbolo from criptomonedas c1_0 join cartera_cripto c2_0 on c1_0.id_cripto=c2_0.id_cripto where c2_0.id_cartera=?
		Cripto: BTC
		Cripto: ETH
	Cartera ID: 4, Balance: 100.0
Hibernate: select c1_0.id_cripto,c1_0.nombre,c1_0.simbolo from criptomonedas c1_0 join cartera_cripto c2_0 on c1_0.id_cripto=c2_0.id_cripto where c2_0.id_cartera=?
		Cripto: SOL
Usuario: Luis Marte
Hibernate: select c1_0.id_cartera,c1_0.balance_total,c1_0.id_usuario from carteras c1_0 where c1_0.id_usuario=?
Hibernate: select u1_0.id_usuario,u1_0.email,h1_0.id_historial,h1_0.detalle,u1_0.nombre from usuarios u1_0 left join historiales h1_0 on u1_0.id_usuario=h1_0.id_usuario where u1_0.id_usuario=?
	Cartera ID: 2, Balance: 500.0
Hibernate: select c1_0.id_cripto,c1_0.nombre,c1_0.simbolo from criptomonedas c1_0 join cartera_cripto c2_0 on c1_0.id_cripto=c2_0.id_cripto where c2_0.id_cartera=?
		Cripto: ETH
Usuario: Carla Diaz
Hibernate: select c1_0.id_cartera,c1_0.balance_total,c1_0.id_usuario from carteras c1_0 where c1_0.id_usuario=?
Hibernate: select u1_0.id_usuario,u1_0.email,h1_0.id_historial,h1_0.detalle,u1_0.nombre from usuarios u1_0 left join historiales h1_0 on u1_0.id_usuario=h1_0.id_usuario where u1_0.id_usuario=?
	Cartera ID: 3, Balance: 2500.0
Hibernate: select c1_0.id_cripto,c1_0.nombre,c1_0.simbolo from criptomonedas c1_0 join cartera_cripto c2_0 on c1_0.id_cripto=c2_0.id_cripto where c2_0.id_cartera=?
		Cripto: BTC
		Cripto: SOL
2025-11-04T17:47:02.556+01:00  INFO 24564 --- [           main] j.LocalContainerEntityManagerFactoryBean : Closing JPA EntityManagerFactory for persistence unit 'default'
2025-11-04T17:47:02.556+01:00  INFO 24564 --- [           main] com.zaxxer.hikari.HikariDataSource       : HikariPool-4 - Shutdown initiated...
2025-11-04T17:47:02.585+01:00  INFO 24564 --- [           main] com.zaxxer.hikari.HikariDataSource       : HikariPool-4 - Shutdown completed.
]]></system-out>
  </testcase>
</testsuite>